[debug] [2020-06-11T03:53:06.672Z] ----------------------------------------------------------------------
[debug] [2020-06-11T03:53:06.673Z] Command:       C:\Program Files\nodejs\node.exe C:\Users\roflm\AppData\Roaming\npm\node_modules\firebase-tools\lib\bin\firebase.js init functions
[debug] [2020-06-11T03:53:06.674Z] CLI Version:   8.4.2
[debug] [2020-06-11T03:53:06.674Z] Platform:      win32
[debug] [2020-06-11T03:53:06.674Z] Node Version:  v12.15.0
[debug] [2020-06-11T03:53:06.675Z] Time:          Wed Jun 10 2020 22:53:06 GMT-0500 (Central Daylight Time)
[debug] [2020-06-11T03:53:06.675Z] ----------------------------------------------------------------------
[debug] [2020-06-11T03:53:06.675Z] 
[debug] [2020-06-11T03:53:06.681Z] > command requires scopes: ["email","openid","https://www.googleapis.com/auth/cloudplatformprojects.readonly","https://www.googleapis.com/auth/firebase","https://www.googleapis.com/auth/cloud-platform"]
[debug] [2020-06-11T03:53:06.681Z] > authorizing via signed-in user
[info] 
     ######## #### ########  ######## ########     ###     ######  ########
     ##        ##  ##     ## ##       ##     ##  ##   ##  ##       ##
     ######    ##  ########  ######   ########  #########  ######  ######
     ##        ##  ##    ##  ##       ##     ## ##     ##       ## ##
     ##       #### ##     ## ######## ########  ##     ##  ######  ########

You're about to initialize a Firebase project in this directory:

  C:\Users\roflm\Desktop\animal croissant\animal-croissant

Before we get started, keep in mind:

  * You are initializing in an existing Firebase project directory

[info] 
=== Project Setup
[info] 
[info] First, let's associate this project directory with a Firebase project.
[info] You can create multiple project aliases by running firebase use --add, 
[info] but for now we'll just set up a default project.
[info] 
[info] i  .firebaserc already has a default project, using cruzandoanimalesconcharlie. 
[debug] [2020-06-11T03:53:25.834Z] >>> HTTP REQUEST GET https://firebase.googleapis.com/v1beta1/projects/cruzandoanimalesconcharlie  
 
[debug] [2020-06-11T03:53:26.279Z] <<< HTTP RESPONSE 200 {"content-type":"application/json; charset=UTF-8","vary":"X-Origin, Referer, Origin,Accept-Encoding","date":"Thu, 11 Jun 2020 03:53:25 GMT","server":"ESF","cache-control":"private","x-xss-protection":"0","x-frame-options":"SAMEORIGIN","x-content-type-options":"nosniff","alt-svc":"h3-27=\":443\"; ma=2592000,h3-25=\":443\"; ma=2592000,h3-T050=\":443\"; ma=2592000,h3-Q050=\":443\"; ma=2592000,h3-Q049=\":443\"; ma=2592000,h3-Q048=\":443\"; ma=2592000,h3-Q046=\":443\"; ma=2592000,h3-Q043=\":443\"; ma=2592000,quic=\":443\"; ma=2592000; v=\"46,43\"","accept-ranges":"none","transfer-encoding":"chunked"}
[info] 
=== Functions Setup
[info] 
[info] A functions directory will be created in your project with a Node.js
[info] package pre-configured. Functions can be deployed with firebase deploy.
[info] 
[debug] [2020-06-11T03:53:26.293Z] > command requires scopes: ["email","openid","https://www.googleapis.com/auth/cloudplatformprojects.readonly","https://www.googleapis.com/auth/firebase","https://www.googleapis.com/auth/cloud-platform"]
[debug] [2020-06-11T03:53:26.294Z] > authorizing via signed-in user
[debug] [2020-06-11T03:53:26.294Z] [iam] checking project cruzandoanimalesconcharlie for permissions ["firebase.projects.get"]
[debug] [2020-06-11T03:53:26.295Z] >>> HTTP REQUEST POST https://cloudresourcemanager.googleapis.com/v1/projects/cruzandoanimalesconcharlie:testIamPermissions  
 {"permissions":["firebase.projects.get"]}
[debug] [2020-06-11T03:53:26.774Z] <<< HTTP RESPONSE 200 {"content-type":"application/json; charset=UTF-8","vary":"X-Origin, Referer, Origin,Accept-Encoding","date":"Thu, 11 Jun 2020 03:53:25 GMT","server":"ESF","cache-control":"private","x-xss-protection":"0","x-frame-options":"SAMEORIGIN","x-content-type-options":"nosniff","server-timing":"gfet4t7; dur=223","alt-svc":"h3-27=\":443\"; ma=2592000,h3-25=\":443\"; ma=2592000,h3-T050=\":443\"; ma=2592000,h3-Q050=\":443\"; ma=2592000,h3-Q049=\":443\"; ma=2592000,h3-Q048=\":443\"; ma=2592000,h3-Q046=\":443\"; ma=2592000,h3-Q043=\":443\"; ma=2592000,quic=\":443\"; ma=2592000; v=\"46,43\"","accept-ranges":"none","transfer-encoding":"chunked"}
[debug] [2020-06-11T03:53:26.776Z] >>> HTTP REQUEST POST https://serviceusage.googleapis.com/v1/projects/cruzandoanimalesconcharlie/services/cloudfunctions.googleapis.com:enable  
 
[debug] [2020-06-11T03:53:26.778Z] >>> HTTP REQUEST POST https://serviceusage.googleapis.com/v1/projects/cruzandoanimalesconcharlie/services/runtimeconfig.googleapis.com:enable  
 
[debug] [2020-06-11T03:53:27.329Z] <<< HTTP RESPONSE 200 {"content-type":"application/json; charset=UTF-8","vary":"X-Origin, Referer, Origin,Accept-Encoding","date":"Thu, 11 Jun 2020 03:53:26 GMT","server":"ESF","cache-control":"private","x-xss-protection":"0","x-frame-options":"SAMEORIGIN","x-content-type-options":"nosniff","alt-svc":"h3-27=\":443\"; ma=2592000,h3-25=\":443\"; ma=2592000,h3-T050=\":443\"; ma=2592000,h3-Q050=\":443\"; ma=2592000,h3-Q049=\":443\"; ma=2592000,h3-Q048=\":443\"; ma=2592000,h3-Q046=\":443\"; ma=2592000,h3-Q043=\":443\"; ma=2592000,quic=\":443\"; ma=2592000; v=\"46,43\"","accept-ranges":"none","transfer-encoding":"chunked"}
[debug] [2020-06-11T03:53:27.336Z] <<< HTTP RESPONSE 200 {"content-type":"application/json; charset=UTF-8","vary":"X-Origin, Referer, Origin,Accept-Encoding","date":"Thu, 11 Jun 2020 03:53:26 GMT","server":"ESF","cache-control":"private","x-xss-protection":"0","x-frame-options":"SAMEORIGIN","x-content-type-options":"nosniff","alt-svc":"h3-27=\":443\"; ma=2592000,h3-25=\":443\"; ma=2592000,h3-T050=\":443\"; ma=2592000,h3-Q050=\":443\"; ma=2592000,h3-Q049=\":443\"; ma=2592000,h3-Q048=\":443\"; ma=2592000,h3-Q046=\":443\"; ma=2592000,h3-Q043=\":443\"; ma=2592000,quic=\":443\"; ma=2592000; v=\"46,43\"","accept-ranges":"none","transfer-encoding":"chunked"}
